Content-Type: multipart/alternative;
 boundary="===============8471059283592955091=="
MIME-Version: 1.0
Subject: Profile activation
From: test@example.com
To: nutrition.ai.2024@gmail.com
Date: Fri, 07 Jun 2024 21:40:37 -0000
Message-ID: <171779643700.10900.3851314627136907586@DESKTOP-4UB9LFD.ht.home>

--===============8471059283592955091==
Content-Type: text/plain; charset="utf-8"
MIME-Version: 1.0
Content-Transfer-Encoding: 7bit



To activate your profile, please follow this link:

http://127.0.0.1:8000/accounts/activate/xwSqnxdDpXMkh5lPLyuO/

--===============8471059283592955091==
Content-Type: text/html; charset="utf-8"
MIME-Version: 1.0
Content-Transfer-Encoding: 7bit



<!DOCTYPE html PUBLIC "-//W3C//DTD XHTML 1.0 Transitional//EN"
        "http://www.w3.org/TR/xhtml1/DTD/xhtml1-transitional.dtd">
<html xmlns="http://www.w3.org/1999/xhtml">
<head>
    <meta http-equiv="Content-Type" content="text/html; charset=UTF-8"/>
    <title>Profile activation</title>
    <meta name="viewport" content="width=device-width, initial-scale=1.0"/>
</head>

<body>

<p>
    To activate your profile, please follow this link:
</p>

<p>
    <a href="http://127.0.0.1:8000/accounts/activate/xwSqnxdDpXMkh5lPLyuO/">http://127.0.0.1:8000/accounts/activate/xwSqnxdDpXMkh5lPLyuO/</a>
</p>

</body>

</html>

--===============8471059283592955091==--

-------------------------------------------------------------------------------
