Content-Type: multipart/alternative;
 boundary="===============1621798490010713882=="
MIME-Version: 1.0
Subject: Profile activation
From: test@example.com
To: solankiharsh@gmail.com
Date: Fri, 31 May 2024 23:06:33 -0000
Message-ID: <171719679326.19372.14753083103184953632@Harsh.home>

--===============1621798490010713882==
Content-Type: text/plain; charset="utf-8"
MIME-Version: 1.0
Content-Transfer-Encoding: 7bit



To activate your profile, please follow this link:

http://127.0.0.1:8000/accounts/activate/3wPhVUqBAz0Qw2SreEFz/

--===============1621798490010713882==
Content-Type: text/html; charset="utf-8"
MIME-Version: 1.0
Content-Transfer-Encoding: 7bit



<!DOCTYPE html PUBLIC "-//W3C//DTD XHTML 1.0 Transitional//EN"
        "http://www.w3.org/TR/xhtml1/DTD/xhtml1-transitional.dtd">
<html xmlns="http://www.w3.org/1999/xhtml">
<head>
    <meta http-equiv="Content-Type" content="text/html; charset=UTF-8"/>
    <title>Profile activation</title>
    <meta name="viewport" content="width=device-width, initial-scale=1.0"/>
</head>

<body>

<p>
    To activate your profile, please follow this link:
</p>

<p>
    <a href="http://127.0.0.1:8000/accounts/activate/3wPhVUqBAz0Qw2SreEFz/">http://127.0.0.1:8000/accounts/activate/3wPhVUqBAz0Qw2SreEFz/</a>
</p>

</body>

</html>

--===============1621798490010713882==--

-------------------------------------------------------------------------------
